{"message":"\"Unknown type \\\"Material\\\".\\n\\nGraphQL request:8:22\\n7 |\\n8 | fragment AdDetail on Material {\\n  |                      ^\\n9 |   id@Internal server error..\"","level":"error"}
{"message":"\"Unknown type \\\"Material\\\".\\n\\nGraphQL request:8:22\\n7 |\\n8 | fragment AdDetail on Material {\\n  |                      ^\\n9 |   id@Internal server error..\"","level":"error"}
{"message":"\"Cannot return null for non-nullable field Cart.id.\\n\\nGraphQL request:17:3\\n16 | query FindCustomerCart{\\n17 |   findCustomerCart{\\n   |   ^\\n18 |     id@Internal server error..\"","level":"error"}
{"message":"\"Cannot return null for non-nullable field Cart.id.\\n\\nGraphQL request:17:3\\n16 | query FindCustomerCart{\\n17 |   findCustomerCart{\\n   |   ^\\n18 |     id@Internal server error..\"","level":"error"}
{"message":"\"Cannot return null for non-nullable field Cart.id.\\n\\nGraphQL request:17:3\\n16 | query FindCustomerCart{\\n17 |   findCustomerCart{\\n   |   ^\\n18 |     id@Internal server error..\"","level":"error"}
{"message":"\"Fragment \\\"CartDetail\\\" cannot be spread here as objects of type \\\"Cart\\\" can never be of type \\\"Ad\\\".\\n\\nGraphQL request:3:5\\n2 |   createOrUpdateCart(cart: $cart) {\\n3 |     ...CartDetail\\n  |     ^\\n4 |     __typename@Internal server error..\"","level":"error"}
{"message":"\"Variable \\\"$cart\\\" of type \\\"CartInput\\\" used in position expecting type \\\"CartInput!\\\".\\n\\nGraphQL request:1:29\\n1 | mutation createOrUpdateCart($cart: CartInput) {\\n  |                             ^\\n2 |   createOrUpdateCart(cart: $cart) {\\n\\nGraphQL request:2:28\\n1 | mutation createOrUpdateCart($cart: CartInput) {\\n2 |   createOrUpdateCart(cart: $cart) {\\n  |                            ^\\n3 |     ...CartDetail@Internal server error..\"","level":"error"}
{"message":"\"Cannot query field \\\"items\\\" on type \\\"Ad\\\".\\n\\nGraphQL request:10:3\\n 9 |   id\\n10 |   items {\\n   |   ^\\n11 |     _id@Internal server error..\"","level":"error"}
{"message":"\"Fragment \\\"CartDetail\\\" cannot be spread here as objects of type \\\"Cart\\\" can never be of type \\\"Ad\\\".\\n\\nGraphQL request:3:5\\n2 |   createOrUpdateCart(cart: $cart) {\\n3 |     ...CartDetail\\n  |     ^\\n4 |     __typename@Internal server error..\"","level":"error"}
{"message":"\"Cannot query field \\\"items\\\" on type \\\"Ad\\\".\\n\\nGraphQL request:10:3\\n 9 |   id\\n10 |   items {\\n   |   ^\\n11 |     _id@Internal server error..\"","level":"error"}
{"message":"\"Cart validation failed: createdAt: Path `createdAt` is required.\\n\\nGraphQL request:2:3\\n1 | mutation createOrUpdateCart($cart: CartInput!) {\\n2 |   createOrUpdateCart(cart: $cart) {\\n  |   ^\\n3 |     ...CartDetail@Internal server error..\"","level":"error"}
{"message":"\"Cannot read property 'items' of null\\n\\nGraphQL request:2:3\\n1 | query findCustomerCart {\\n2 |   findCustomerCart {\\n  |   ^\\n3 |     ...CartDetail@Internal server error..\"","level":"error"}
{"message":"\"Cannot return null for non-nullable field Cart.id.\\n\\nGraphQL request:2:3\\n1 | query findCustomerCart {\\n2 |   findCustomerCart {\\n  |   ^\\n3 |     ...CartDetail@Internal server error..\"","level":"error"}
{"message":"\"Cannot read property 'items' of null\\n\\nGraphQL request:2:3\\n1 | query findCustomerCart {\\n2 |   findCustomerCart {\\n  |   ^\\n3 |     ...CartDetail@Internal server error..\"","level":"error"}
{"message":"\"Cannot return null for non-nullable field Cart.id.\\n\\nGraphQL request:2:3\\n1 | query findCustomerCart {\\n2 |   findCustomerCart {\\n  |   ^\\n3 |     ...CartDetail@Internal server error..\"","level":"error"}
{"message":"\"Cannot read property 'items' of null\\n\\nGraphQL request:2:3\\n1 | query findCustomerCart {\\n2 |   findCustomerCart {\\n  |   ^\\n3 |     ...CartDetail@Internal server error..\"","level":"error"}
{"message":"\"Cannot return null for non-nullable field Cart.id.\\n\\nGraphQL request:2:3\\n1 | query findCustomerCart {\\n2 |   findCustomerCart {\\n  |   ^\\n3 |     ...CartDetail@Internal server error..\"","level":"error"}
{"message":"\"Cannot read property 'items' of null\\n\\nGraphQL request:2:3\\n1 | query findCustomerCart {\\n2 |   findCustomerCart {\\n  |   ^\\n3 |     ...CartDetail@Internal server error..\"","level":"error"}
{"message":"\"Cannot return null for non-nullable field Cart.id.\\n\\nGraphQL request:2:3\\n1 | query findCustomerCart {\\n2 |   findCustomerCart {\\n  |   ^\\n3 |     ...CartDetail@Internal server error..\"","level":"error"}
{"message":"\"Cannot read property 'items' of null\\n\\nGraphQL request:2:3\\n1 | query findCustomerCart {\\n2 |   findCustomerCart {\\n  |   ^\\n3 |     ...CartDetail@Internal server error..\"","level":"error"}
{"message":"\"Cannot return null for non-nullable field Cart.id.\\n\\nGraphQL request:2:3\\n1 | query findCustomerCart {\\n2 |   findCustomerCart {\\n  |   ^\\n3 |     ...CartDetail@Internal server error..\"","level":"error"}
{"message":"\"Cannot read property 'items' of null\\n\\nGraphQL request:2:3\\n1 | query findCustomerCart {\\n2 |   findCustomerCart {\\n  |   ^\\n3 |     ...CartDetail@Internal server error..\"","level":"error"}
{"message":"\"Cannot return null for non-nullable field Cart.id.\\n\\nGraphQL request:2:3\\n1 | query findCustomerCart {\\n2 |   findCustomerCart {\\n  |   ^\\n3 |     ...CartDetail@Internal server error..\"","level":"error"}
{"message":"\"Cannot read property '_doc' of null\\n\\nGraphQL request:2:3\\n1 | query findCustomerCart {\\n2 |   findCustomerCart {\\n  |   ^\\n3 |     ...CartDetail@Internal server error..\"","level":"error"}
{"message":"\"Cannot read property '_doc' of null\\n\\nGraphQL request:2:3\\n1 | query findCustomerCart {\\n2 |   findCustomerCart {\\n  |   ^\\n3 |     ...CartDetail@Internal server error..\"","level":"error"}
{"message":"\"Cannot read property '_doc' of null\\n\\nGraphQL request:2:3\\n1 | query findCustomerCart {\\n2 |   findCustomerCart {\\n  |   ^\\n3 |     ...CartDetail@Internal server error..\"","level":"error"}
{"message":"\"Cannot read property '_doc' of null\\n\\nGraphQL request:2:3\\n1 | query findCustomerCart {\\n2 |   findCustomerCart {\\n  |   ^\\n3 |     ...CartDetail@Internal server error..\"","level":"error"}
{"message":"\"Cannot read property '_doc' of null\\n\\nGraphQL request:2:3\\n1 | query findCustomerCart {\\n2 |   findCustomerCart {\\n  |   ^\\n3 |     ...CartDetail@Internal server error..\"","level":"error"}
{"message":"\"Cannot read property '_doc' of null\\n\\nGraphQL request:2:3\\n1 | query findCustomerCart {\\n2 |   findCustomerCart {\\n  |   ^\\n3 |     ...CartDetail@Internal server error..\"","level":"error"}
