{"message":"\"Syntax Error: Expected Name, found \\\")\\\".\\n\\nGraphQL request:6:16\\n5 | query FindCustomer{\\n6 |   findCustomer()\\n  |                ^\\n7 | }@Internal server error..\"","level":"error"}
{"message":"\"Cannot return null for non-nullable field Query.findCustomer.\\n\\nGraphQL request:6:3\\n5 | query FindCustomer{\\n6 |   findCustomer(customer:{customerId:\\\"default\\\"}){\\n  |   ^\\n7 |     _id@Internal server error..\"","level":"error"}
{"message":"\"Cannot return null for non-nullable field Query.findCustomer.\\n\\nGraphQL request:6:3\\n5 | query FindCustomer{\\n6 |   findCustomer(customer:{customerId:\\\"default\\\"}){\\n  |   ^\\n7 |     _id@Internal server error..\"","level":"error"}
{"message":"\"Cannot return null for non-nullable field Query.findCustomer.\\n\\nGraphQL request:6:3\\n5 | query FindCustomer{\\n6 |   findCustomer(customer:{customerId:\\\"default\\\"}){\\n  |   ^\\n7 |     _id@Internal server error..\"","level":"error"}
{"message":"\"Cannot return null for non-nullable field Query.findCustomer.\\n\\nGraphQL request:6:3\\n5 | query FindCustomer{\\n6 |   findCustomer(customer:{customerId:\\\"default\\\"}){\\n  |   ^\\n7 |     _id@Internal server error..\"","level":"error"}
{"message":"\"Cannot return null for non-nullable field Query.findCustomer.\\n\\nGraphQL request:6:3\\n5 | query FindCustomer{\\n6 |   findCustomer(customer:{customerId:\\\"default\\\"}){\\n  |   ^\\n7 |     _id@Internal server error..\"","level":"error"}
{"message":"\"Cannot query field \\\"seedP\\\" on type \\\"Mutation\\\".\\n\\nGraphQL request:16:3\\n15 | mutation SeedPricingRule{\\n16 |   seedP\\n   |   ^\\n17 | }@Internal server error..\"","level":"error"}
{"message":"\"PriceRule validation failed: type: `qantity` is not a valid enum value for path `type`.\\n\\nGraphQL request:16:3\\n15 | mutation SeedPricingRule{\\n16 |   seedPriceRule\\n   |   ^\\n17 | }@Internal server error..\"","level":"error"}
{"message":"\"Cannot return null for non-nullable field PriceRule.priceRuleId.\\n\\nGraphQL request:20:3\\n19 | query FindPriceRules{\\n20 |   findPriceRules{\\n   |   ^\\n21 |     _id@Internal server error..\"","level":"error"}
{"message":"\"Cannot query field \\\"priceRuleId\\\" on type \\\"PriceRule\\\".\\n\\nGraphQL request:22:5\\n21 |     _id\\n22 |     priceRuleId\\n   |     ^\\n23 |     name@Internal server error..\"","level":"error"}
{"message":"\"Cannot query field \\\"ad\\\" on type \\\"PriceRule\\\".\\n\\nGraphQL request:23:5\\n22 |     name\\n23 |     ad\\n   |     ^\\n24 |   }@Internal server error..\"","level":"error"}
{"message":"\"Int cannot represent non-integer value: 4.02489\\n\\nGraphQL request:20:3\\n19 | query FindPriceRules{\\n20 |   findPriceRules{\\n   |   ^\\n21 |     _id@Internal server error..\"","level":"error"}
{"message":"\"Ad validation failed: createdAt: Path `createdAt` is required.\\n\\nGraphQL request:33:3\\n32 | mutation SeedAd{\\n33 |   seedAd\\n   |   ^\\n34 | }@Internal server error..\"","level":"error"}
{"message":"\"Syntax Error: Expected \\\":\\\", found \\\")\\\".\\n\\nGraphQL request:3:26\\n2 | mutation CreateOrUpdateCart{\\n3 |   createOrUpdateCart(cart)\\n  |                          ^\\n4 | }@Internal server error..\"","level":"error"}
{"message":"\"Syntax Error: Expected \\\":\\\", found \\\")\\\".\\n\\nGraphQL request:3:23\\n2 | mutation CreateOrUpdateCart{\\n3 |   createOrUpdateCart(c)\\n  |                       ^\\n4 | }@Internal server error..\"","level":"error"}
{"message":"\"Field \\\"CartItemInput.adType\\\" of required type \\\"String!\\\" was not provided.\\n\\nGraphQL request:3:27\\n2 | mutation CreateOrUpdateCart{\\n3 |   createOrUpdateCart(cart:{}){\\n  |                           ^\\n4 |     id@Internal server error..\"","level":"error"}
{"message":"\"Field \\\"CartItemInput.quantity\\\" of required type \\\"String!\\\" was not provided.\\n\\nGraphQL request:3:27\\n2 | mutation CreateOrUpdateCart{\\n3 |   createOrUpdateCart(cart:{}){\\n  |                           ^\\n4 |     id@Internal server error..\"","level":"error"}
{"message":"\"Cannot query field \\\"adtyp\\\" on type \\\"CartItem\\\". Did you mean \\\"adsType\\\"?\\n\\nGraphQL request:8:7\\n7 |       quantity\\n8 |       adtyp\\n  |       ^\\n9 |     }@Internal server error..\"","level":"error"}
{"message":"\"Field \\\"CartInput.items\\\" of required type \\\"CartItemInput!\\\" was not provided.\\n\\nGraphQL request:3:27\\n2 | mutation CreateOrUpdateCart{\\n3 |   createOrUpdateCart(cart:{adType:\\\"standard\\\",quantity:1}){\\n  |                           ^\\n4 |     id@Internal server error..\"","level":"error"}
{"message":"\"Field \\\"adType\\\" is not defined by type \\\"CartInput\\\".\\n\\nGraphQL request:3:28\\n2 | mutation CreateOrUpdateCart{\\n3 |   createOrUpdateCart(cart:{adType:\\\"standard\\\",quantity:1}){\\n  |                            ^\\n4 |     id@Internal server error..\"","level":"error"}
{"message":"\"Field \\\"quantity\\\" is not defined by type \\\"CartInput\\\".\\n\\nGraphQL request:3:46\\n2 | mutation CreateOrUpdateCart{\\n3 |   createOrUpdateCart(cart:{adType:\\\"standard\\\",quantity:1}){\\n  |                                              ^\\n4 |     id@Internal server error..\"","level":"error"}
{"message":"\"model.items is not iterable\\n\\nGraphQL request:3:3\\n2 | mutation CreateOrUpdateCart{\\n3 |   createOrUpdateCart(cart:{items:{adType:\\\"standard\\\",quantity:1}}){\\n  |   ^\\n4 |     id@Internal server error..\"","level":"error"}
{"message":"\"model.items is not iterable\\n\\nGraphQL request:3:3\\n2 | mutation CreateOrUpdateCart{\\n3 |   createOrUpdateCart(cart:{items:{adType:\\\"standard\\\",quantity:1}}){\\n  |   ^\\n4 |     id@Internal server error..\"","level":"error"}
{"message":"\"model.items is not iterable\\n\\nGraphQL request:3:3\\n2 | mutation CreateOrUpdateCart{\\n3 |   createOrUpdateCart(cart:{items:{adType:\\\"standard\\\",quantity:1}}){\\n  |   ^\\n4 |     id@Internal server error..\"","level":"error"}
{"message":"\"model.items is not iterable\\n\\nGraphQL request:3:3\\n2 | mutation CreateOrUpdateCart{\\n3 |   createOrUpdateCart(cart:{items:{adType:\\\"standard\\\",quantity:1}}){\\n  |   ^\\n4 |     id@Internal server error..\"","level":"error"}
{"message":"\"Cart validation failed: createdAt: Path `createdAt` is required., id: Path `id` is required., items.0.adsType: Path `adsType` is required.\\n\\nGraphQL request:3:3\\n2 | mutation CreateOrUpdateCart{\\n3 |   createOrUpdateCart(cart:{items:[{adType:\\\"standard\\\",quantity:1}]}){\\n  |   ^\\n4 |     id@Internal server error..\"","level":"error"}
{"message":"\"Cart validation failed: createdAt: Path `createdAt` is required., id: Path `id` is required., items.0.adsType: Path `adsType` is required.\\n\\nGraphQL request:3:3\\n2 | mutation CreateOrUpdateCart{\\n3 |   createOrUpdateCart(cart:{items:[{adType:\\\"standard\\\",quantity:1}]}){\\n  |   ^\\n4 |     id@Internal server error..\"","level":"error"}
{"message":"\"Cart validation failed: createdAt: Path `createdAt` is required., id: Path `id` is required.\\n\\nGraphQL request:3:3\\n2 | mutation CreateOrUpdateCart{\\n3 |   createOrUpdateCart(cart:{items:[{adType:\\\"standard\\\",quantity:1}]}){\\n  |   ^\\n4 |     id@Internal server error..\"","level":"error"}
