::1 - - [16/Feb/2021:14:52:21 +0000] "OPTIONS /graphql/ HTTP/1.1" 204 0 "http://localhost:8080/" "Mozilla/5.0 (Macintosh; Intel Mac OS X 11_2_0) AppleWebKit/537.36 (KHTML, like Gecko) Chrome/88.0.4324.150 Safari/537.36"
::1 - - [16/Feb/2021:14:52:21 +0000] "POST /graphql/ HTTP/1.1" 200 594 "http://localhost:8080/" "Mozilla/5.0 (Macintosh; Intel Mac OS X 11_2_0) AppleWebKit/537.36 (KHTML, like Gecko) Chrome/88.0.4324.150 Safari/537.36"
::1 - - [16/Feb/2021:14:52:41 +0000] "OPTIONS /graphql/ HTTP/1.1" 204 0 "http://localhost:8080/" "Mozilla/5.0 (Macintosh; Intel Mac OS X 11_2_0) AppleWebKit/537.36 (KHTML, like Gecko) Chrome/88.0.4324.150 Safari/537.36"
::1 - - [16/Feb/2021:14:52:41 +0000] "POST /graphql/ HTTP/1.1" 200 14522 "http://localhost:8080/" "Mozilla/5.0 (Macintosh; Intel Mac OS X 11_2_0) AppleWebKit/537.36 (KHTML, like Gecko) Chrome/88.0.4324.150 Safari/537.36"
::1 - - [16/Feb/2021:14:52:41 +0000] "GET /resources/orderlink/images/1613439355605_download.jpeg HTTP/1.1" 404 193 "http://localhost:8080/" "Mozilla/5.0 (Macintosh; Intel Mac OS X 11_2_0) AppleWebKit/537.36 (KHTML, like Gecko) Chrome/88.0.4324.150 Safari/537.36"
::1 - - [16/Feb/2021:14:52:41 +0000] "GET /resources/orderlink/images/1613479650673_download.jpeg HTTP/1.1" 404 193 "http://localhost:8080/" "Mozilla/5.0 (Macintosh; Intel Mac OS X 11_2_0) AppleWebKit/537.36 (KHTML, like Gecko) Chrome/88.0.4324.150 Safari/537.36"
::1 - - [16/Feb/2021:14:52:42 +0000] "GET /resources/orderlink/images/1613439211212__414k8yblr23.jpeg HTTP/1.1" 404 197 "http://localhost:8080/" "Mozilla/5.0 (Macintosh; Intel Mac OS X 11_2_0) AppleWebKit/537.36 (KHTML, like Gecko) Chrome/88.0.4324.150 Safari/537.36"
::1 - - [16/Feb/2021:14:52:42 +0000] "GET /resources/orderlink/images/1613449963938_download%20(1).jpeg HTTP/1.1" 404 199 "http://localhost:8080/" "Mozilla/5.0 (Macintosh; Intel Mac OS X 11_2_0) AppleWebKit/537.36 (KHTML, like Gecko) Chrome/88.0.4324.150 Safari/537.36"
::1 - - [16/Feb/2021:14:52:42 +0000] "GET /resources/orderlink/images/1613439489345_71c8hfF58rL._AC_SL1500_.jpg HTTP/1.1" 404 207 "http://localhost:8080/" "Mozilla/5.0 (Macintosh; Intel Mac OS X 11_2_0) AppleWebKit/537.36 (KHTML, like Gecko) Chrome/88.0.4324.150 Safari/537.36"
::1 - - [16/Feb/2021:14:52:42 +0000] "GET /resources/orderlink/images/1613439968626_download.jpeg HTTP/1.1" 404 193 "http://localhost:8080/" "Mozilla/5.0 (Macintosh; Intel Mac OS X 11_2_0) AppleWebKit/537.36 (KHTML, like Gecko) Chrome/88.0.4324.150 Safari/537.36"
::1 - - [16/Feb/2021:14:52:44 +0000] "GET /resources/orderlink/images/1613439355605_download.jpeg HTTP/1.1" 404 193 "http://localhost:8080/" "Mozilla/5.0 (Macintosh; Intel Mac OS X 11_2_0) AppleWebKit/537.36 (KHTML, like Gecko) Chrome/88.0.4324.150 Safari/537.36"
::1 - - [16/Feb/2021:14:52:44 +0000] "GET /resources/orderlink/images/1613479650673_download.jpeg HTTP/1.1" 404 193 "http://localhost:8080/" "Mozilla/5.0 (Macintosh; Intel Mac OS X 11_2_0) AppleWebKit/537.36 (KHTML, like Gecko) Chrome/88.0.4324.150 Safari/537.36"
::1 - - [16/Feb/2021:14:52:44 +0000] "GET /resources/orderlink/images/1613439211212__414k8yblr23.jpeg HTTP/1.1" 404 197 "http://localhost:8080/" "Mozilla/5.0 (Macintosh; Intel Mac OS X 11_2_0) AppleWebKit/537.36 (KHTML, like Gecko) Chrome/88.0.4324.150 Safari/537.36"
::1 - - [16/Feb/2021:14:52:44 +0000] "GET /resources/orderlink/images/1613449963938_download%20(1).jpeg HTTP/1.1" 404 199 "http://localhost:8080/" "Mozilla/5.0 (Macintosh; Intel Mac OS X 11_2_0) AppleWebKit/537.36 (KHTML, like Gecko) Chrome/88.0.4324.150 Safari/537.36"
::1 - - [16/Feb/2021:14:52:44 +0000] "GET /resources/orderlink/images/1613439489345_71c8hfF58rL._AC_SL1500_.jpg HTTP/1.1" 404 207 "http://localhost:8080/" "Mozilla/5.0 (Macintosh; Intel Mac OS X 11_2_0) AppleWebKit/537.36 (KHTML, like Gecko) Chrome/88.0.4324.150 Safari/537.36"
::1 - - [16/Feb/2021:14:52:44 +0000] "GET /resources/orderlink/images/1613439968626_download.jpeg HTTP/1.1" 404 193 "http://localhost:8080/" "Mozilla/5.0 (Macintosh; Intel Mac OS X 11_2_0) AppleWebKit/537.36 (KHTML, like Gecko) Chrome/88.0.4324.150 Safari/537.36"
::1 - - [16/Feb/2021:14:52:48 +0000] "GET /resources/orderlink/images/1613439355605_download.jpeg HTTP/1.1" 404 193 "http://localhost:8080/" "Mozilla/5.0 (Macintosh; Intel Mac OS X 11_2_0) AppleWebKit/537.36 (KHTML, like Gecko) Chrome/88.0.4324.150 Safari/537.36"
::1 - - [16/Feb/2021:14:52:48 +0000] "GET /resources/orderlink/images/1613479650673_download.jpeg HTTP/1.1" 404 193 "http://localhost:8080/" "Mozilla/5.0 (Macintosh; Intel Mac OS X 11_2_0) AppleWebKit/537.36 (KHTML, like Gecko) Chrome/88.0.4324.150 Safari/537.36"
::1 - - [16/Feb/2021:14:52:48 +0000] "GET /resources/orderlink/images/1613439211212__414k8yblr23.jpeg HTTP/1.1" 404 197 "http://localhost:8080/" "Mozilla/5.0 (Macintosh; Intel Mac OS X 11_2_0) AppleWebKit/537.36 (KHTML, like Gecko) Chrome/88.0.4324.150 Safari/537.36"
::1 - - [16/Feb/2021:14:52:48 +0000] "GET /resources/orderlink/images/1613449963938_download%20(1).jpeg HTTP/1.1" 404 199 "http://localhost:8080/" "Mozilla/5.0 (Macintosh; Intel Mac OS X 11_2_0) AppleWebKit/537.36 (KHTML, like Gecko) Chrome/88.0.4324.150 Safari/537.36"
::1 - - [16/Feb/2021:14:52:48 +0000] "GET /resources/orderlink/images/1613439489345_71c8hfF58rL._AC_SL1500_.jpg HTTP/1.1" 404 207 "http://localhost:8080/" "Mozilla/5.0 (Macintosh; Intel Mac OS X 11_2_0) AppleWebKit/537.36 (KHTML, like Gecko) Chrome/88.0.4324.150 Safari/537.36"
::1 - - [16/Feb/2021:14:52:48 +0000] "GET /resources/orderlink/images/1613439968626_download.jpeg HTTP/1.1" 404 193 "http://localhost:8080/" "Mozilla/5.0 (Macintosh; Intel Mac OS X 11_2_0) AppleWebKit/537.36 (KHTML, like Gecko) Chrome/88.0.4324.150 Safari/537.36"
::1 - - [16/Feb/2021:14:52:56 +0000] "GET /resources/orderlink/images/1613439355605_download.jpeg HTTP/1.1" 404 193 "http://localhost:8080/" "Mozilla/5.0 (Macintosh; Intel Mac OS X 11_2_0) AppleWebKit/537.36 (KHTML, like Gecko) Chrome/88.0.4324.150 Safari/537.36"
::1 - - [16/Feb/2021:14:52:56 +0000] "GET /resources/orderlink/images/1613479650673_download.jpeg HTTP/1.1" 404 193 "http://localhost:8080/" "Mozilla/5.0 (Macintosh; Intel Mac OS X 11_2_0) AppleWebKit/537.36 (KHTML, like Gecko) Chrome/88.0.4324.150 Safari/537.36"
::1 - - [16/Feb/2021:14:52:56 +0000] "GET /resources/orderlink/images/1613439211212__414k8yblr23.jpeg HTTP/1.1" 404 197 "http://localhost:8080/" "Mozilla/5.0 (Macintosh; Intel Mac OS X 11_2_0) AppleWebKit/537.36 (KHTML, like Gecko) Chrome/88.0.4324.150 Safari/537.36"
::1 - - [16/Feb/2021:14:52:56 +0000] "GET /resources/orderlink/images/1613449963938_download%20(1).jpeg HTTP/1.1" 404 199 "http://localhost:8080/" "Mozilla/5.0 (Macintosh; Intel Mac OS X 11_2_0) AppleWebKit/537.36 (KHTML, like Gecko) Chrome/88.0.4324.150 Safari/537.36"
::1 - - [16/Feb/2021:14:52:56 +0000] "GET /resources/orderlink/images/1613439489345_71c8hfF58rL._AC_SL1500_.jpg HTTP/1.1" 404 207 "http://localhost:8080/" "Mozilla/5.0 (Macintosh; Intel Mac OS X 11_2_0) AppleWebKit/537.36 (KHTML, like Gecko) Chrome/88.0.4324.150 Safari/537.36"
::1 - - [16/Feb/2021:14:52:56 +0000] "GET /resources/orderlink/images/1613439968626_download.jpeg HTTP/1.1" 404 193 "http://localhost:8080/" "Mozilla/5.0 (Macintosh; Intel Mac OS X 11_2_0) AppleWebKit/537.36 (KHTML, like Gecko) Chrome/88.0.4324.150 Safari/537.36"
::1 - - [16/Feb/2021:14:53:05 +0000] "GET /resources/orderlink/images/1613439968626_download.jpeg HTTP/1.1" 404 193 "-" "Mozilla/5.0 (Macintosh; Intel Mac OS X 11_2_0) AppleWebKit/537.36 (KHTML, like Gecko) Chrome/88.0.4324.150 Safari/537.36"
::1 - - [16/Feb/2021:15:26:51 +0000] "OPTIONS /graphql/ HTTP/1.1" 500 3180 "http://localhost:8080/" "Mozilla/5.0 (Macintosh; Intel Mac OS X 11_2_0) AppleWebKit/537.36 (KHTML, like Gecko) Chrome/88.0.4324.150 Safari/537.36"
::1 - - [16/Feb/2021:15:26:54 +0000] "OPTIONS /graphql/ HTTP/1.1" 500 3180 "http://localhost:8080/" "Mozilla/5.0 (Macintosh; Intel Mac OS X 11_2_0) AppleWebKit/537.36 (KHTML, like Gecko) Chrome/88.0.4324.150 Safari/537.36"
::1 - - [16/Feb/2021:15:32:07 +0000] "OPTIONS /graphql/ HTTP/1.1" 204 0 "http://localhost:8080/" "Mozilla/5.0 (Macintosh; Intel Mac OS X 11_2_0) AppleWebKit/537.36 (KHTML, like Gecko) Chrome/88.0.4324.150 Safari/537.36"
::1 - - [16/Feb/2021:15:32:07 +0000] "POST /graphql/ HTTP/1.1" 200 14522 "http://localhost:8080/" "Mozilla/5.0 (Macintosh; Intel Mac OS X 11_2_0) AppleWebKit/537.36 (KHTML, like Gecko) Chrome/88.0.4324.150 Safari/537.36"
::1 - - [16/Feb/2021:15:32:09 +0000] "GET /resources/orderlink/images/1613439968626_download.jpeg HTTP/1.1" 404 193 "http://localhost:8080/" "Mozilla/5.0 (Macintosh; Intel Mac OS X 11_2_0) AppleWebKit/537.36 (KHTML, like Gecko) Chrome/88.0.4324.150 Safari/537.36"
::1 - - [16/Feb/2021:15:32:09 +0000] "GET /resources/orderlink/images/1613439489345_71c8hfF58rL._AC_SL1500_.jpg HTTP/1.1" 404 207 "http://localhost:8080/" "Mozilla/5.0 (Macintosh; Intel Mac OS X 11_2_0) AppleWebKit/537.36 (KHTML, like Gecko) Chrome/88.0.4324.150 Safari/537.36"
::1 - - [16/Feb/2021:15:32:09 +0000] "GET /resources/orderlink/images/1613439211212__414k8yblr23.jpeg HTTP/1.1" 404 197 "http://localhost:8080/" "Mozilla/5.0 (Macintosh; Intel Mac OS X 11_2_0) AppleWebKit/537.36 (KHTML, like Gecko) Chrome/88.0.4324.150 Safari/537.36"
::1 - - [16/Feb/2021:15:32:09 +0000] "GET /resources/orderlink/images/1613449963938_download%20(1).jpeg HTTP/1.1" 404 199 "http://localhost:8080/" "Mozilla/5.0 (Macintosh; Intel Mac OS X 11_2_0) AppleWebKit/537.36 (KHTML, like Gecko) Chrome/88.0.4324.150 Safari/537.36"
::1 - - [16/Feb/2021:15:32:09 +0000] "GET /resources/orderlink/images/1613439355605_download.jpeg HTTP/1.1" 404 193 "http://localhost:8080/" "Mozilla/5.0 (Macintosh; Intel Mac OS X 11_2_0) AppleWebKit/537.36 (KHTML, like Gecko) Chrome/88.0.4324.150 Safari/537.36"
::1 - - [16/Feb/2021:15:32:09 +0000] "GET /resources/orderlink/images/1613479650673_download.jpeg HTTP/1.1" 404 193 "http://localhost:8080/" "Mozilla/5.0 (Macintosh; Intel Mac OS X 11_2_0) AppleWebKit/537.36 (KHTML, like Gecko) Chrome/88.0.4324.150 Safari/537.36"
::1 - - [16/Feb/2021:15:32:12 +0000] "GET /resources/orderlink/images/1613439968626_download.jpeg HTTP/1.1" 404 193 "http://localhost:8080/" "Mozilla/5.0 (Macintosh; Intel Mac OS X 11_2_0) AppleWebKit/537.36 (KHTML, like Gecko) Chrome/88.0.4324.150 Safari/537.36"
::1 - - [16/Feb/2021:15:32:12 +0000] "GET /resources/orderlink/images/1613439355605_download.jpeg HTTP/1.1" 404 193 "http://localhost:8080/" "Mozilla/5.0 (Macintosh; Intel Mac OS X 11_2_0) AppleWebKit/537.36 (KHTML, like Gecko) Chrome/88.0.4324.150 Safari/537.36"
::1 - - [16/Feb/2021:15:32:12 +0000] "GET /resources/orderlink/images/1613449963938_download%20(1).jpeg HTTP/1.1" 404 199 "http://localhost:8080/" "Mozilla/5.0 (Macintosh; Intel Mac OS X 11_2_0) AppleWebKit/537.36 (KHTML, like Gecko) Chrome/88.0.4324.150 Safari/537.36"
::1 - - [16/Feb/2021:15:32:12 +0000] "GET /resources/orderlink/images/1613439211212__414k8yblr23.jpeg HTTP/1.1" 404 197 "http://localhost:8080/" "Mozilla/5.0 (Macintosh; Intel Mac OS X 11_2_0) AppleWebKit/537.36 (KHTML, like Gecko) Chrome/88.0.4324.150 Safari/537.36"
::1 - - [16/Feb/2021:15:32:12 +0000] "GET /resources/orderlink/images/1613439489345_71c8hfF58rL._AC_SL1500_.jpg HTTP/1.1" 404 207 "http://localhost:8080/" "Mozilla/5.0 (Macintosh; Intel Mac OS X 11_2_0) AppleWebKit/537.36 (KHTML, like Gecko) Chrome/88.0.4324.150 Safari/537.36"
::1 - - [16/Feb/2021:15:32:13 +0000] "OPTIONS /graphql/ HTTP/1.1" 204 0 "http://localhost:8080/" "Mozilla/5.0 (Macintosh; Intel Mac OS X 11_2_0) AppleWebKit/537.36 (KHTML, like Gecko) Chrome/88.0.4324.150 Safari/537.36"
::1 - - [16/Feb/2021:15:32:13 +0000] "POST /graphql/ HTTP/1.1" 200 384 "http://localhost:8080/" "Mozilla/5.0 (Macintosh; Intel Mac OS X 11_2_0) AppleWebKit/537.36 (KHTML, like Gecko) Chrome/88.0.4324.150 Safari/537.36"
::1 - - [16/Feb/2021:15:32:13 +0000] "GET /resources/orderlink/images/1613479650673_download.jpeg HTTP/1.1" 404 193 "http://localhost:8080/" "Mozilla/5.0 (Macintosh; Intel Mac OS X 11_2_0) AppleWebKit/537.36 (KHTML, like Gecko) Chrome/88.0.4324.150 Safari/537.36"
::1 - - [16/Feb/2021:15:32:14 +0000] "GET /resources/orderlink/images/1613439211212__414k8yblr23.jpeg HTTP/1.1" 404 197 "http://localhost:8080/" "Mozilla/5.0 (Macintosh; Intel Mac OS X 11_2_0) AppleWebKit/537.36 (KHTML, like Gecko) Chrome/88.0.4324.150 Safari/537.36"
::1 - - [16/Feb/2021:15:32:14 +0000] "GET /resources/orderlink/images/1613439489345_71c8hfF58rL._AC_SL1500_.jpg HTTP/1.1" 404 207 "http://localhost:8080/" "Mozilla/5.0 (Macintosh; Intel Mac OS X 11_2_0) AppleWebKit/537.36 (KHTML, like Gecko) Chrome/88.0.4324.150 Safari/537.36"
::1 - - [16/Feb/2021:15:32:14 +0000] "GET /resources/orderlink/images/1613449963938_download%20(1).jpeg HTTP/1.1" 404 199 "http://localhost:8080/" "Mozilla/5.0 (Macintosh; Intel Mac OS X 11_2_0) AppleWebKit/537.36 (KHTML, like Gecko) Chrome/88.0.4324.150 Safari/537.36"
::1 - - [16/Feb/2021:15:32:14 +0000] "GET /resources/orderlink/images/1613439968626_download.jpeg HTTP/1.1" 404 193 "http://localhost:8080/" "Mozilla/5.0 (Macintosh; Intel Mac OS X 11_2_0) AppleWebKit/537.36 (KHTML, like Gecko) Chrome/88.0.4324.150 Safari/537.36"
::1 - - [16/Feb/2021:15:32:14 +0000] "GET /resources/orderlink/images/1613439355605_download.jpeg HTTP/1.1" 404 193 "http://localhost:8080/" "Mozilla/5.0 (Macintosh; Intel Mac OS X 11_2_0) AppleWebKit/537.36 (KHTML, like Gecko) Chrome/88.0.4324.150 Safari/537.36"
::1 - - [16/Feb/2021:15:32:15 +0000] "POST /graphql/ HTTP/1.1" 200 36 "http://localhost:8080/" "Mozilla/5.0 (Macintosh; Intel Mac OS X 11_2_0) AppleWebKit/537.36 (KHTML, like Gecko) Chrome/88.0.4324.150 Safari/537.36"
::1 - - [16/Feb/2021:15:32:16 +0000] "GET /resources/orderlink/images/1613479650673_download.jpeg HTTP/1.1" 404 193 "http://localhost:8080/" "Mozilla/5.0 (Macintosh; Intel Mac OS X 11_2_0) AppleWebKit/537.36 (KHTML, like Gecko) Chrome/88.0.4324.150 Safari/537.36"
::1 - - [16/Feb/2021:15:32:17 +0000] "GET /resources/orderlink/images/1613439211212__414k8yblr23.jpeg HTTP/1.1" 404 197 "http://localhost:8080/" "Mozilla/5.0 (Macintosh; Intel Mac OS X 11_2_0) AppleWebKit/537.36 (KHTML, like Gecko) Chrome/88.0.4324.150 Safari/537.36"
::1 - - [16/Feb/2021:15:32:17 +0000] "GET /resources/orderlink/images/1613439355605_download.jpeg HTTP/1.1" 404 193 "http://localhost:8080/" "Mozilla/5.0 (Macintosh; Intel Mac OS X 11_2_0) AppleWebKit/537.36 (KHTML, like Gecko) Chrome/88.0.4324.150 Safari/537.36"
::1 - - [16/Feb/2021:15:32:17 +0000] "GET /resources/orderlink/images/1613439968626_download.jpeg HTTP/1.1" 404 193 "http://localhost:8080/" "Mozilla/5.0 (Macintosh; Intel Mac OS X 11_2_0) AppleWebKit/537.36 (KHTML, like Gecko) Chrome/88.0.4324.150 Safari/537.36"
::1 - - [16/Feb/2021:15:32:18 +0000] "GET /resources/orderlink/images/1613449963938_download%20(1).jpeg HTTP/1.1" 404 199 "http://localhost:8080/" "Mozilla/5.0 (Macintosh; Intel Mac OS X 11_2_0) AppleWebKit/537.36 (KHTML, like Gecko) Chrome/88.0.4324.150 Safari/537.36"
::1 - - [16/Feb/2021:15:32:19 +0000] "GET /resources/orderlink/images/1613439489345_71c8hfF58rL._AC_SL1500_.jpg HTTP/1.1" 404 207 "http://localhost:8080/" "Mozilla/5.0 (Macintosh; Intel Mac OS X 11_2_0) AppleWebKit/537.36 (KHTML, like Gecko) Chrome/88.0.4324.150 Safari/537.36"
::1 - - [16/Feb/2021:15:32:21 +0000] "OPTIONS /graphql/ HTTP/1.1" 204 0 "http://localhost:8080/" "Mozilla/5.0 (Macintosh; Intel Mac OS X 11_2_0) AppleWebKit/537.36 (KHTML, like Gecko) Chrome/88.0.4324.150 Safari/537.36"
::1 - - [16/Feb/2021:15:32:22 +0000] "POST /graphql/ HTTP/1.1" 200 1296 "http://localhost:8080/" "Mozilla/5.0 (Macintosh; Intel Mac OS X 11_2_0) AppleWebKit/537.36 (KHTML, like Gecko) Chrome/88.0.4324.150 Safari/537.36"
::1 - - [16/Feb/2021:15:32:22 +0000] "GET /resources/orderlink/images/1613479650673_download.jpeg HTTP/1.1" - - "http://localhost:8080/" "Mozilla/5.0 (Macintosh; Intel Mac OS X 11_2_0) AppleWebKit/537.36 (KHTML, like Gecko) Chrome/88.0.4324.150 Safari/537.36"
::1 - - [16/Feb/2021:15:32:23 +0000] "GET /resources/orderlink/images/1613449963938_download%20(1).jpeg HTTP/1.1" 404 199 "http://localhost:8080/" "Mozilla/5.0 (Macintosh; Intel Mac OS X 11_2_0) AppleWebKit/537.36 (KHTML, like Gecko) Chrome/88.0.4324.150 Safari/537.36"
::1 - - [16/Feb/2021:15:32:23 +0000] "GET /resources/orderlink/images/1613439355605_download.jpeg HTTP/1.1" 404 193 "http://localhost:8080/" "Mozilla/5.0 (Macintosh; Intel Mac OS X 11_2_0) AppleWebKit/537.36 (KHTML, like Gecko) Chrome/88.0.4324.150 Safari/537.36"
::1 - - [16/Feb/2021:15:32:23 +0000] "GET /resources/orderlink/images/1613439211212__414k8yblr23.jpeg HTTP/1.1" 404 197 "http://localhost:8080/" "Mozilla/5.0 (Macintosh; Intel Mac OS X 11_2_0) AppleWebKit/537.36 (KHTML, like Gecko) Chrome/88.0.4324.150 Safari/537.36"
::1 - - [16/Feb/2021:15:32:24 +0000] "GET /resources/orderlink/images/1613439968626_download.jpeg HTTP/1.1" 404 193 "http://localhost:8080/" "Mozilla/5.0 (Macintosh; Intel Mac OS X 11_2_0) AppleWebKit/537.36 (KHTML, like Gecko) Chrome/88.0.4324.150 Safari/537.36"
::1 - - [16/Feb/2021:15:32:24 +0000] "GET /resources/orderlink/images/1613489541146__414k8yblr23.jpeg HTTP/1.1" 200 8466 "http://localhost:8080/" "Mozilla/5.0 (Macintosh; Intel Mac OS X 11_2_0) AppleWebKit/537.36 (KHTML, like Gecko) Chrome/88.0.4324.150 Safari/537.36"
::1 - - [16/Feb/2021:15:32:25 +0000] "GET /resources/orderlink/images/1613439489345_71c8hfF58rL._AC_SL1500_.jpg HTTP/1.1" - - "http://localhost:8080/" "Mozilla/5.0 (Macintosh; Intel Mac OS X 11_2_0) AppleWebKit/537.36 (KHTML, like Gecko) Chrome/88.0.4324.150 Safari/537.36"
::1 - - [16/Feb/2021:15:32:25 +0000] "GET /resources/orderlink/images/1613439211212__414k8yblr23.jpeg HTTP/1.1" - - "http://localhost:8080/" "Mozilla/5.0 (Macintosh; Intel Mac OS X 11_2_0) AppleWebKit/537.36 (KHTML, like Gecko) Chrome/88.0.4324.150 Safari/537.36"
::1 - - [16/Feb/2021:15:32:25 +0000] "GET /resources/orderlink/images/1613439355605_download.jpeg HTTP/1.1" - - "http://localhost:8080/" "Mozilla/5.0 (Macintosh; Intel Mac OS X 11_2_0) AppleWebKit/537.36 (KHTML, like Gecko) Chrome/88.0.4324.150 Safari/537.36"
::1 - - [16/Feb/2021:15:32:25 +0000] "GET /resources/orderlink/images/1613449963938_download%20(1).jpeg HTTP/1.1" - - "http://localhost:8080/" "Mozilla/5.0 (Macintosh; Intel Mac OS X 11_2_0) AppleWebKit/537.36 (KHTML, like Gecko) Chrome/88.0.4324.150 Safari/537.36"
::1 - - [16/Feb/2021:15:32:26 +0000] "OPTIONS /graphql/ HTTP/1.1" 204 0 "http://localhost:8080/" "Mozilla/5.0 (Macintosh; Intel Mac OS X 11_2_0) AppleWebKit/537.36 (KHTML, like Gecko) Chrome/88.0.4324.150 Safari/537.36"
::1 - - [16/Feb/2021:15:32:26 +0000] "POST /graphql/ HTTP/1.1" 200 14526 "http://localhost:8080/" "Mozilla/5.0 (Macintosh; Intel Mac OS X 11_2_0) AppleWebKit/537.36 (KHTML, like Gecko) Chrome/88.0.4324.150 Safari/537.36"
::1 - - [16/Feb/2021:15:32:27 +0000] "GET /resources/orderlink/images/1613489541146__414k8yblr23.jpeg HTTP/1.1" 304 - "http://localhost:8080/" "Mozilla/5.0 (Macintosh; Intel Mac OS X 11_2_0) AppleWebKit/537.36 (KHTML, like Gecko) Chrome/88.0.4324.150 Safari/537.36"
::1 - - [16/Feb/2021:15:32:28 +0000] "GET /resources/orderlink/images/1613439355605_download.jpeg HTTP/1.1" 404 193 "http://localhost:8080/" "Mozilla/5.0 (Macintosh; Intel Mac OS X 11_2_0) AppleWebKit/537.36 (KHTML, like Gecko) Chrome/88.0.4324.150 Safari/537.36"
::1 - - [16/Feb/2021:15:32:28 +0000] "GET /resources/orderlink/images/1613439489345_71c8hfF58rL._AC_SL1500_.jpg HTTP/1.1" 404 207 "http://localhost:8080/" "Mozilla/5.0 (Macintosh; Intel Mac OS X 11_2_0) AppleWebKit/537.36 (KHTML, like Gecko) Chrome/88.0.4324.150 Safari/537.36"
::1 - - [16/Feb/2021:15:32:28 +0000] "GET /resources/orderlink/images/1613439211212__414k8yblr23.jpeg HTTP/1.1" 404 197 "http://localhost:8080/" "Mozilla/5.0 (Macintosh; Intel Mac OS X 11_2_0) AppleWebKit/537.36 (KHTML, like Gecko) Chrome/88.0.4324.150 Safari/537.36"
::1 - - [16/Feb/2021:15:32:29 +0000] "GET /resources/orderlink/images/1613449963938_download%20(1).jpeg HTTP/1.1" 404 199 "http://localhost:8080/" "Mozilla/5.0 (Macintosh; Intel Mac OS X 11_2_0) AppleWebKit/537.36 (KHTML, like Gecko) Chrome/88.0.4324.150 Safari/537.36"
::1 - - [16/Feb/2021:15:32:29 +0000] "GET /resources/orderlink/images/1613439968626_download.jpeg HTTP/1.1" 404 193 "http://localhost:8080/" "Mozilla/5.0 (Macintosh; Intel Mac OS X 11_2_0) AppleWebKit/537.36 (KHTML, like Gecko) Chrome/88.0.4324.150 Safari/537.36"
::1 - - [16/Feb/2021:15:32:32 +0000] "GET /resources/orderlink/images/1613439211212__414k8yblr23.jpeg HTTP/1.1" 404 197 "http://localhost:8080/" "Mozilla/5.0 (Macintosh; Intel Mac OS X 11_2_0) AppleWebKit/537.36 (KHTML, like Gecko) Chrome/88.0.4324.150 Safari/537.36"
::1 - - [16/Feb/2021:15:32:32 +0000] "GET /resources/orderlink/images/1613439489345_71c8hfF58rL._AC_SL1500_.jpg HTTP/1.1" 404 207 "http://localhost:8080/" "Mozilla/5.0 (Macintosh; Intel Mac OS X 11_2_0) AppleWebKit/537.36 (KHTML, like Gecko) Chrome/88.0.4324.150 Safari/537.36"
::1 - - [16/Feb/2021:15:32:32 +0000] "GET /resources/orderlink/images/1613439355605_download.jpeg HTTP/1.1" 404 193 "http://localhost:8080/" "Mozilla/5.0 (Macintosh; Intel Mac OS X 11_2_0) AppleWebKit/537.36 (KHTML, like Gecko) Chrome/88.0.4324.150 Safari/537.36"
::1 - - [16/Feb/2021:15:32:33 +0000] "GET /resources/orderlink/images/1613449963938_download%20(1).jpeg HTTP/1.1" 404 199 "http://localhost:8080/" "Mozilla/5.0 (Macintosh; Intel Mac OS X 11_2_0) AppleWebKit/537.36 (KHTML, like Gecko) Chrome/88.0.4324.150 Safari/537.36"
::1 - - [16/Feb/2021:15:32:34 +0000] "GET /resources/orderlink/images/1613439968626_download.jpeg HTTP/1.1" 404 193 "http://localhost:8080/" "Mozilla/5.0 (Macintosh; Intel Mac OS X 11_2_0) AppleWebKit/537.36 (KHTML, like Gecko) Chrome/88.0.4324.150 Safari/537.36"
::1 - - [16/Feb/2021:15:32:38 +0000] "GET /resources/orderlink/images/1613439211212__414k8yblr23.jpeg HTTP/1.1" 404 197 "http://localhost:8080/" "Mozilla/5.0 (Macintosh; Intel Mac OS X 11_2_0) AppleWebKit/537.36 (KHTML, like Gecko) Chrome/88.0.4324.150 Safari/537.36"
::1 - - [16/Feb/2021:15:32:38 +0000] "GET /resources/orderlink/images/1613439489345_71c8hfF58rL._AC_SL1500_.jpg HTTP/1.1" 404 207 "http://localhost:8080/" "Mozilla/5.0 (Macintosh; Intel Mac OS X 11_2_0) AppleWebKit/537.36 (KHTML, like Gecko) Chrome/88.0.4324.150 Safari/537.36"
::1 - - [16/Feb/2021:15:32:38 +0000] "GET /resources/orderlink/images/1613439355605_download.jpeg HTTP/1.1" 404 193 "http://localhost:8080/" "Mozilla/5.0 (Macintosh; Intel Mac OS X 11_2_0) AppleWebKit/537.36 (KHTML, like Gecko) Chrome/88.0.4324.150 Safari/537.36"
::1 - - [16/Feb/2021:15:32:39 +0000] "GET /resources/orderlink/images/1613449963938_download%20(1).jpeg HTTP/1.1" 404 199 "http://localhost:8080/" "Mozilla/5.0 (Macintosh; Intel Mac OS X 11_2_0) AppleWebKit/537.36 (KHTML, like Gecko) Chrome/88.0.4324.150 Safari/537.36"
::1 - - [16/Feb/2021:15:32:40 +0000] "GET /resources/orderlink/images/1613439968626_download.jpeg HTTP/1.1" 404 193 "http://localhost:8080/" "Mozilla/5.0 (Macintosh; Intel Mac OS X 11_2_0) AppleWebKit/537.36 (KHTML, like Gecko) Chrome/88.0.4324.150 Safari/537.36"
::1 - - [16/Feb/2021:15:32:48 +0000] "GET /resources/orderlink/images/1613439355605_download.jpeg HTTP/1.1" 404 193 "http://localhost:8080/" "Mozilla/5.0 (Macintosh; Intel Mac OS X 11_2_0) AppleWebKit/537.36 (KHTML, like Gecko) Chrome/88.0.4324.150 Safari/537.36"
::1 - - [16/Feb/2021:15:32:48 +0000] "GET /resources/orderlink/images/1613439211212__414k8yblr23.jpeg HTTP/1.1" 404 197 "http://localhost:8080/" "Mozilla/5.0 (Macintosh; Intel Mac OS X 11_2_0) AppleWebKit/537.36 (KHTML, like Gecko) Chrome/88.0.4324.150 Safari/537.36"
::1 - - [16/Feb/2021:15:32:48 +0000] "GET /resources/orderlink/images/1613439489345_71c8hfF58rL._AC_SL1500_.jpg HTTP/1.1" 404 207 "http://localhost:8080/" "Mozilla/5.0 (Macintosh; Intel Mac OS X 11_2_0) AppleWebKit/537.36 (KHTML, like Gecko) Chrome/88.0.4324.150 Safari/537.36"
::1 - - [16/Feb/2021:15:32:49 +0000] "GET /resources/orderlink/images/1613449963938_download%20(1).jpeg HTTP/1.1" 404 199 "http://localhost:8080/" "Mozilla/5.0 (Macintosh; Intel Mac OS X 11_2_0) AppleWebKit/537.36 (KHTML, like Gecko) Chrome/88.0.4324.150 Safari/537.36"
::1 - - [16/Feb/2021:15:32:50 +0000] "GET /resources/orderlink/images/1613439968626_download.jpeg HTTP/1.1" 404 193 "http://localhost:8080/" "Mozilla/5.0 (Macintosh; Intel Mac OS X 11_2_0) AppleWebKit/537.36 (KHTML, like Gecko) Chrome/88.0.4324.150 Safari/537.36"
